<?xml version="1.0" encoding="UTF-8" ?>
<testsuites disabled="0" errors="0" failures="0" tests="8" time="12.022">
 <testsuite name="authentication and main page test" timestamp="2018-11-11T19:28:24" hostname="localhost" time="12.022" errors="0" tests="8" skipped="0" disabled="0" failures="0">
  <testcase classname="authentication and main page test" name="register a new user" time="1.794" />
  <testcase classname="authentication and main page test" name="login as new user" time="1.488" />
  <testcase classname="authentication and main page test" name="Update headline headline and verify change" time="1.72" />
  <testcase classname="authentication and main page test" name="Create new article and validate article appears in feed" time="1.305" />
  <testcase classname="authentication and main page test" name="Log out new user" time="1.486" />
  <testcase classname="authentication and main page test" name="login as test user" time="1.264" />
  <testcase classname="authentication and main page test" name="Search for a keyword that matches only one of test user`s articles and verify only one article shows, and verify the author" time="1.47" />
  <testcase classname="authentication and main page test" name="log out as test user" time="1.495" />
 </testsuite>
</testsuites>